Git operation for base site.............
error: Your local changes to the following files would be overwritten by checkout:
	sites/base-SU-1.log
Please, commit your changes or stash them before you can switch branches.
Aborting
From https://github.com/rinkutalukdar/drupal6
 * branch            production -> FETCH_HEAD
Already up-to-date.
fatal: A branch named 'SU-1' already exists.
Git operation ends for base site.............
Security Update for base site........
WD php: include_once(PEAR.php): failed to open stream: No such file or directory in C:\wamp\www\security_update\drupal6\sites\all\modules\pear\pear.module     [error]
on line 24.
WD php: include_once(): Failed opening 'PEAR.php' for inclusion (include_path='sites/all/modules/pear/pear/;.;C:\php\pear') in                                 [error]
C:\wamp\www\security_update\drupal6\sites\all\modules\pear\pear.module on line 24.
WD php: The path to PEAR is sites/all/modules/pear/pear/ in C:\wamp\www\security_update\drupal6\sites\all\modules\pear\pear.module on line 26.                 [error]
Update information last refreshed: Fri, 2015-04-10 17:21

Update status information on all installed and enabled Drupal projects:
 Name                                                                 Installed version  Proposed version  Status                                             
 Administration menu (admin_menu)                                     6.x-1.9            6.x-1.9           Up to date                                         
 Drupal                                                               6.35               6.35              Up to date                                         
 Backup and Migrate (backup_migrate)                                  6.x-2.8            6.x-2.8           Up to date                                         
 Checkbox Validate (checkbox_validate)                                6.x-2.1            6.x-2.1           Up to date                                         
 cck                                                                  6.x-2.9            6.x-2.9           Up to date                                         
 Date (date)                                                          6.x-2.10           6.x-2.10          Up to date                                         
 Embedded Media Field (emfield)                                       6.x-2.6            6.x-2.6           Up to date                                         
 FCKeditor (fckeditor)                                                6.x-2.4            6.x-2.4           Up to date                                         
 FileField (filefield)                                                6.x-3.13           6.x-3.13          Up to date                                         
 Google Analytics (google_analytics)                                  6.x-3.6            6.x-3.6           Up to date                                         
 ImageAPI (imageapi)                                                  6.x-1.10           6.x-1.10          Up to date                                         
 ImageCache (imagecache)                                              6.x-2.0-rc1        6.x-2.0-rc1       Up to date                                         
 ImageField (imagefield)                                              6.x-3.11           6.x-3.11          Up to date                                         
 IMCE (imce)                                                          6.x-2.7            6.x-2.7           Up to date                                         
 jCarousel (jcarousel)                                                6.x-2.6            6.x-2.6           Up to date                                         
 Jquery Colorpicker (jquery_colorpicker)                              6.x-2.3            6.x-2.3           Up to date                                         
 jQuery UI (jquery_ui)                                                6.x-1.5            6.x-1.5           Up to date                                         
 Lightbox2 (lightbox2)                                                6.x-1.11           6.x-1.11          Up to date                                         
 LoginToboggan (logintoboggan)                                        6.x-1.10           6.x-1.10          Up to date                                         
 Media: YouTube (media_youtube)                                       6.x-1.3            6.x-1.3           Up to date                                         
 Menu block split (menu_block_split)                                  6.x-2.3            6.x-2.3           Up to date                                         
 Modal Frame API (modalframe)                                         6.x-1.9            6.x-1.9           Up to date                                         
 Nodewords (nodewords)                                                6.x-1.14           6.x-1.14          Up to date                                         
 Pear (pear)                                                          6.x-0.x-dev        6.x-0.x-dev       Up to date                                         
 Printer-friendly pages (print)                                       6.x-1.19           6.x-1.19          Up to date                                         
 Site map (site_map)                                                  6.x-2.2            6.x-2.2           Up to date                                         
 Site Verification (site_verify)                                      6.x-1.0            6.x-1.0           Up to date                                         
 Views Slideshow (views_slideshow)                                    6.x-2.4            6.x-2.4           Up to date                                         
 Views Slideshow: JCarousel Thumbs (views_slideshow_jcarouselthumbs)  6.x-1.0            6.x-1.0           Up to date                                         
 Webform (webform)                                                    6.x-3.23           6.x-3.23          Up to date                                         



No code updates available.                                                                                                                                        [ok]
No database updates required                                                                                                                                 [success]
WD php: include_once(PEAR.php): failed to open stream: No such file or directory in C:\wamp\www\security_update\drupal6\sites\all\modules\pear\pear.module     [error]
on line 24.
WD php: include_once(): Failed opening 'PEAR.php' for inclusion (include_path='sites/all/modules/pear/pear/;.;C:\php\pear') in                                 [error]
C:\wamp\www\security_update\drupal6\sites\all\modules\pear\pear.module on line 24.
WD php: The path to PEAR is sites/all/modules/pear/pear/ in C:\wamp\www\security_update\drupal6\sites\all\modules\pear\pear.module on line 26.                 [error]
'all' cache was cleared in c:/wamp/www/security_update/drupal6#default                                                                                       [success]
The block User Survey Form was assigned to the invalid region hsurvey_right and has been disabled.                                                           [warning]
DRUSH_BACKEND:{"type":"memory","message":"Peak memory usage was 55.28 MB","timestamp":1428669292.39,"memory":56205920,"error":null,"packet":"log"}Finished performing updates.                                                                                                                                      [ok]
Security Update ends for base site...........
Git commit and push starts Here.........
